<?xml version="1.0" encoding="UTF-8"?>
<testsuite xmlns:xsi="http://www.w3.org/2001/XMLSchema-instance" xsi:noNamespaceSchemaLocation="https://maven.apache.org/surefire/maven-surefire-plugin/xsd/surefire-test-report-3.0.xsd" version="3.0" name="TestSuite" time="83.899" tests="6" errors="0" skipped="0" failures="5">
  <properties>
[...]
</properties>
  <testcase name="loginTest[Venusprime1717@gmail.com, .Test^1234](1)" classname="com.mindtree.runner.LoginTestClass" time="21.789">
    <system-out><![CDATA[ INFO [main] (ExtentReportLogs.java:26)- Test Started
 INFO [main] (LoginTestClass.java:29)- URL is Opened
 INFO [main] (LoginTestClass.java:33)- LoginIcon is Clicked
 INFO [main] (LoginTestClass.java:36)- signInButton is Clicked
 INFO [main] (LoginTestClass.java:39)- Username is Entered
 INFO [main] (LoginTestClass.java:42)- Password is Entered
 INFO [main] (LoginTestClass.java:44)- LoginButton is Clicked
]]></system-out>
    <system-err><![CDATA[Starting ChromeDriver 94.0.4606.41 (333e85df3c9b656b518b5f1add5ff246365b6c24-refs/branch-heads/4606@{#845}) on port 44081
Only local connections are allowed.
Please see https://chromedriver.chromium.org/security-considerations for suggestions on keeping ChromeDriver safe.
ChromeDriver was started successfully.
Oct 25, 2021 11:22:27 AM org.openqa.selenium.remote.ProtocolHandshake createSession
INFO: Detected dialect: W3C
]]></system-err>
  </testcase>
  <testcase name="loginTest[abc@gmail.com, rty1236](2)" classname="com.mindtree.runner.LoginTestClass" time="11.638">
    <failure type="junit.framework.AssertionFailedError"><![CDATA[junit.framework.AssertionFailedError
	at com.mindtree.runner.LoginTestClass.loginTest(LoginTestClass.java:62)
]]></failure>
    <system-out><![CDATA[ INFO [main] (ExtentReportLogs.java:26)- Test Started
 INFO [main] (LoginTestClass.java:29)- URL is Opened
 INFO [main] (LoginTestClass.java:33)- LoginIcon is Clicked
 INFO [main] (LoginTestClass.java:36)- signInButton is Clicked
 INFO [main] (LoginTestClass.java:39)- Username is Entered
 INFO [main] (LoginTestClass.java:42)- Password is Entered
 INFO [main] (LoginTestClass.java:44)- LoginButton is Clicked
ERROR [main] (LoginTestClass.java:61)- Login Credentials are Invalid
]]></system-out>
  </testcase>
  <testcase name="loginTest[Username_1, rty124$](3)" classname="com.mindtree.runner.LoginTestClass" time="11.479">
    <failure type="junit.framework.AssertionFailedError"><![CDATA[junit.framework.AssertionFailedError
	at com.mindtree.runner.LoginTestClass.loginTest(LoginTestClass.java:62)
]]></failure>
    <system-out><![CDATA[ INFO [main] (ExtentReportLogs.java:26)- Test Started
 INFO [main] (LoginTestClass.java:29)- URL is Opened
 INFO [main] (LoginTestClass.java:33)- LoginIcon is Clicked
 INFO [main] (LoginTestClass.java:36)- signInButton is Clicked
 INFO [main] (LoginTestClass.java:39)- Username is Entered
 INFO [main] (LoginTestClass.java:42)- Password is Entered
 INFO [main] (LoginTestClass.java:44)- LoginButton is Clicked
ERROR [main] (LoginTestClass.java:61)- Login Credentials are Invalid
]]></system-out>
  </testcase>
  <testcase name="loginTest[Username_2, rty_125](4)" classname="com.mindtree.runner.LoginTestClass" time="11.308">
    <failure type="junit.framework.AssertionFailedError"><![CDATA[junit.framework.AssertionFailedError
	at com.mindtree.runner.LoginTestClass.loginTest(LoginTestClass.java:62)
]]></failure>
    <system-out><![CDATA[ INFO [main] (ExtentReportLogs.java:26)- Test Started
 INFO [main] (LoginTestClass.java:29)- URL is Opened
 INFO [main] (LoginTestClass.java:33)- LoginIcon is Clicked
 INFO [main] (LoginTestClass.java:36)- signInButton is Clicked
 INFO [main] (LoginTestClass.java:39)- Username is Entered
 INFO [main] (LoginTestClass.java:42)- Password is Entered
 INFO [main] (LoginTestClass.java:44)- LoginButton is Clicked
ERROR [main] (LoginTestClass.java:61)- Login Credentials are Invalid
]]></system-out>
  </testcase>
  <testcase name="loginTest[Username_3, rty126rty](5)" classname="com.mindtree.runner.LoginTestClass" time="11.378">
    <failure type="junit.framework.AssertionFailedError"><![CDATA[junit.framework.AssertionFailedError
	at com.mindtree.runner.LoginTestClass.loginTest(LoginTestClass.java:62)
]]></failure>
    <system-out><![CDATA[ INFO [main] (ExtentReportLogs.java:26)- Test Started
 INFO [main] (LoginTestClass.java:29)- URL is Opened
 INFO [main] (LoginTestClass.java:33)- LoginIcon is Clicked
 INFO [main] (LoginTestClass.java:36)- signInButton is Clicked
 INFO [main] (LoginTestClass.java:39)- Username is Entered
 INFO [main] (LoginTestClass.java:42)- Password is Entered
 INFO [main] (LoginTestClass.java:44)- LoginButton is Clicked
ERROR [main] (LoginTestClass.java:61)- Login Credentials are Invalid
]]></system-out>
  </testcase>
  <testcase name="loginTest[Username_4, rty127e](6)" classname="com.mindtree.runner.LoginTestClass" time="12.482">
    <failure type="junit.framework.AssertionFailedError"><![CDATA[junit.framework.AssertionFailedError
	at com.mindtree.runner.LoginTestClass.loginTest(LoginTestClass.java:62)
]]></failure>
    <system-out><![CDATA[ INFO [main] (ExtentReportLogs.java:26)- Test Started
 INFO [main] (LoginTestClass.java:29)- URL is Opened
 INFO [main] (LoginTestClass.java:33)- LoginIcon is Clicked
 INFO [main] (LoginTestClass.java:36)- signInButton is Clicked
 INFO [main] (LoginTestClass.java:39)- Username is Entered
 INFO [main] (LoginTestClass.java:42)- Password is Entered
 INFO [main] (LoginTestClass.java:44)- LoginButton is Clicked
ERROR [main] (LoginTestClass.java:61)- Login Credentials are Invalid
]]></system-out>
  </testcase>
</testsuite>