<?xml version="1.0" encoding="UTF-8"?>
<!-- Generated by org.testng.reporters.JUnitXMLReporter -->
<testsuite hostname="DESKTOP-RJEDM94" ignored="0" name="Test" tests="6" failures="5" timestamp="2021-10-25T11:23:49 IST" time="83.149" errors="0">
  <testcase name="loginTest" time="21.796" classname="com.mindtree.runner.LoginTestClass"/>
  <testcase name="loginTest" time="11.634" classname="com.mindtree.runner.LoginTestClass">
    <failure type="junit.framework.AssertionFailedError">
      <![CDATA[junit.framework.AssertionFailedError
at junit.framework.Assert.fail(Assert.java:47)
at junit.framework.Assert.assertTrue(Assert.java:20)
at junit.framework.Assert.assertTrue(Assert.java:27)
at com.mindtree.runner.LoginTestClass.loginTest(LoginTestClass.java:62)
at java.util.ArrayList.forEach(ArrayList.java:1257)
... Removed 31 stack frames]]>
    </failure>
  </testcase> <!-- loginTest -->
  <testcase name="loginTest" time="11.478" classname="com.mindtree.runner.LoginTestClass">
    <failure type="junit.framework.AssertionFailedError">
      <![CDATA[junit.framework.AssertionFailedError
at junit.framework.Assert.fail(Assert.java:47)
at junit.framework.Assert.assertTrue(Assert.java:20)
at junit.framework.Assert.assertTrue(Assert.java:27)
at com.mindtree.runner.LoginTestClass.loginTest(LoginTestClass.java:62)
at java.util.ArrayList.forEach(ArrayList.java:1257)
... Removed 31 stack frames]]>
    </failure>
  </testcase> <!-- loginTest -->
  <testcase name="loginTest" time="11.307" classname="com.mindtree.runner.LoginTestClass">
    <failure type="junit.framework.AssertionFailedError">
      <![CDATA[junit.framework.AssertionFailedError
at junit.framework.Assert.fail(Assert.java:47)
at junit.framework.Assert.assertTrue(Assert.java:20)
at junit.framework.Assert.assertTrue(Assert.java:27)
at com.mindtree.runner.LoginTestClass.loginTest(LoginTestClass.java:62)
at java.util.ArrayList.forEach(ArrayList.java:1257)
... Removed 31 stack frames]]>
    </failure>
  </testcase> <!-- loginTest -->
  <testcase name="loginTest" time="11.376" classname="com.mindtree.runner.LoginTestClass">
    <failure type="junit.framework.AssertionFailedError">
      <![CDATA[junit.framework.AssertionFailedError
at junit.framework.Assert.fail(Assert.java:47)
at junit.framework.Assert.assertTrue(Assert.java:20)
at junit.framework.Assert.assertTrue(Assert.java:27)
at com.mindtree.runner.LoginTestClass.loginTest(LoginTestClass.java:62)
at java.util.ArrayList.forEach(ArrayList.java:1257)
... Removed 31 stack frames]]>
    </failure>
  </testcase> <!-- loginTest -->
  <testcase name="loginTest" time="12.483" classname="com.mindtree.runner.LoginTestClass">
    <failure type="junit.framework.AssertionFailedError">
      <![CDATA[junit.framework.AssertionFailedError
at junit.framework.Assert.fail(Assert.java:47)
at junit.framework.Assert.assertTrue(Assert.java:20)
at junit.framework.Assert.assertTrue(Assert.java:27)
at com.mindtree.runner.LoginTestClass.loginTest(LoginTestClass.java:62)
at java.util.ArrayList.forEach(ArrayList.java:1257)
... Removed 31 stack frames]]>
    </failure>
  </testcase> <!-- loginTest -->
</testsuite> <!-- Test -->
